2026-06-04 21:15:00,910 - INFO - File type check successful for file: C:\Users\manny\OneDrive\Desktop\pdf_db\practice.csv, file type: .csv
2026-06-04 21:19:05,934 - INFO - File type check successful for file: C:\Users\manny\OneDrive\Desktop\pdf_db\practice.csv, file type: .txt
2026-06-04 21:20:06,979 - INFO - File type check successful for file: C:\Users\manny\OneDrive\Desktop\pdf_db\practice.csv, file type: .txt
2026-06-04 21:20:32,524 - ERROR - Invalid parameters for reading CSV file: C:\Users\manny\OneDrive\Desktop\pdf_db\practice.csv
2026-06-04 21:20:32,524 - INFO - File type check successful for file: C:\Users\manny\OneDrive\Desktop\pdf_db\practice.csv, file type: .csv
2026-06-04 21:21:23,956 - INFO - File type check successful for file: C:\Users\manny\OneDrive\Desktop\pdf_db\practice.csv, file type: .csv
2026-06-04 21:21:41,874 - INFO - File type check successful for file: C:\Users\manny\OneDrive\Desktop\pdf_db\practice.csv, file type: .csv
2026-06-04 21:23:08,370 - INFO - File type check successful for file: C:\Users\manny\OneDrive\Desktop\pdf_db\practice.csv, file type: .txt
2026-06-04 21:23:16,140 - INFO - File type check successful for file: C:\Users\manny\OneDrive\Desktop\pdf_db\practice.csv, file type: .txt
2026-06-04 21:23:53,109 - INFO - File type check successful for file: C:\Users\manny\OneDrive\Desktop\pdf_db\practice.csv, file type: .txt
2026-06-04 21:24:28,237 - ERROR - Invalid parameters for reading CSV file: C:\Users\manny\OneDrive\Desktop\pdf_db\practice.csv
2026-06-04 21:24:28,237 - INFO - File type check successful for file: C:\Users\manny\OneDrive\Desktop\pdf_db\practice.csv, file type: .csv
2026-06-04 21:24:48,736 - ERROR - Invalid parameters for reading CSV file: C:\Users\manny\OneDrive\Desktop\pdf_db\practice.csv
2026-06-04 21:24:48,736 - INFO - File type check successful for file: C:\Users\manny\OneDrive\Desktop\pdf_db\practice.csv, file type: .csv
2026-06-04 21:59:34,092 - ERROR - Invalid parameters for reading CSV file: C:\Users\manny\OneDrive\Desktop\pdf_db\practice.csv
2026-06-04 21:59:34,093 - INFO - File type check successful for file: C:\Users\manny\OneDrive\Desktop\pdf_db\practice.csv, file type: .csv
2026-06-04 22:00:23,647 - INFO - File type check successful for file: C:\Users\manny\OneDrive\Desktop\pdf_db\practice.csv, file type: .txt
2026-06-04 22:07:46,251 - INFO - File type check successful for file: C:\Users\manny\OneDrive\Desktop\pdf_db\practice.csv, file type: .csv
2026-06-04 22:11:11,466 - INFO - File type check successful for file: C:\Users\manny\OneDrive\Desktop\pdf_db\practice.csv, file type: .txt
2026-06-04 22:11:36,289 - INFO - File type check successful for file: C:\Users\manny\OneDrive\Desktop\pdf_db\practice.csv, file type: .txt
2026-06-04 22:12:31,378 - INFO - File type check successful for file: C:\Users\manny\OneDrive\Desktop\pdf_db\practice.csv, file type: .txt
2026-06-04 22:31:52,599 - INFO - File type check successful for file: C:\Users\manny\OneDrive\Desktop\pdf_db\practice.csv, file type: .txt
2026-06-04 22:32:16,200 - INFO - CSV data processed successfully for file: C:\Users\manny\OneDrive\Desktop\pdf_db\practice.csv
2026-06-04 22:32:16,201 - INFO - File type check successful for file: C:\Users\manny\OneDrive\Desktop\pdf_db\practice.csv, file type: .csv
2026-06-04 22:32:50,214 - ERROR - Invalid parameters for reading CSV file: C:\Users\manny\OneDrive\Desktop\pdf_db\practice.csv
2026-06-04 22:32:50,214 - INFO - File type check successful for file: C:\Users\manny\OneDrive\Desktop\pdf_db\practice.csv, file type: .txt
2026-06-04 22:33:03,653 - ERROR - Invalid parameters for reading CSV file: C:\Users\manny\OneDrive\Desktop\pdf_db\practice.csv
2026-06-04 22:33:03,654 - INFO - File type check successful for file: C:\Users\manny\OneDrive\Desktop\pdf_db\practice.csv, file type: .txt
2026-06-04 22:34:16,408 - INFO - CSV data processed successfully for file: C:\Users\manny\OneDrive\Desktop\pdf_db\practice.csv
2026-06-04 22:34:16,408 - INFO - File type check successful for file: C:\Users\manny\OneDrive\Desktop\pdf_db\practice.csv, file type: .csv
2026-06-04 22:35:28,964 - INFO - File type check successful for file: C:\Users\manny\OneDrive\Desktop\pdf_db\practice.csv, file type: .csv
2026-06-04 22:35:29,038 - INFO - CSV data processed successfully for file: C:\Users\manny\OneDrive\Desktop\pdf_db\practice.csv
2026-06-05 22:38:46,797 - INFO - File type check successful for file: C:\Users\manny\OneDrive\Desktop\pdf_db\practice.csv, file type: .csv
2026-06-05 22:38:46,832 - INFO - CSV data processed successfully for file: C:\Users\manny\OneDrive\Desktop\pdf_db\practice.csv
2026-06-05 22:38:46,839 - WARNING - Data quality issues found in file: C:\Users\manny\OneDrive\Desktop\pdf_db\practice.csv, 1 rows with errors. See bad_data_20260605_223846.csv for details.
2026-06-05 22:38:46,843 - WARNING - Data quality issues found in file: C:\Users\manny\OneDrive\Desktop\pdf_db\practice.csv, 1 rows with errors. See bad_data_20260605_223846.csv for details.
2026-06-05 22:38:46,845 - WARNING - Data quality issues found in file: C:\Users\manny\OneDrive\Desktop\pdf_db\practice.csv, 2 rows with errors. See bad_data_20260605_223846.csv for details.
2026-06-05 22:38:51,119 - INFO - File type check successful for file: C:\Users\manny\OneDrive\Desktop\pdf_db\practice.csv, file type: .csv
2026-06-05 22:38:51,134 - INFO - CSV data processed successfully for file: C:\Users\manny\OneDrive\Desktop\pdf_db\practice.csv
2026-06-05 22:38:51,139 - WARNING - Data quality issues found in file: C:\Users\manny\OneDrive\Desktop\pdf_db\practice.csv, 1 rows with errors. See bad_data_20260605_223851.csv for details.
2026-06-05 22:38:51,142 - WARNING - Data quality issues found in file: C:\Users\manny\OneDrive\Desktop\pdf_db\practice.csv, 1 rows with errors. See bad_data_20260605_223851.csv for details.
2026-06-05 22:38:51,148 - WARNING - Data quality issues found in file: C:\Users\manny\OneDrive\Desktop\pdf_db\practice.csv, 2 rows with errors. See bad_data_20260605_223851.csv for details.
2026-06-05 22:40:03,153 - INFO - File type check successful for file: C:\Users\manny\OneDrive\Desktop\pdf_db\practice.csv, file type: .csv
2026-06-05 22:40:03,161 - INFO - CSV data processed successfully for file: C:\Users\manny\OneDrive\Desktop\pdf_db\practice.csv
2026-06-05 22:40:03,167 - WARNING - Data quality issues found in file: C:\Users\manny\OneDrive\Desktop\pdf_db\practice.csv, 1 rows with errors. See bad_data_20260605_224003.csv for details.
2026-06-05 22:40:03,170 - WARNING - Data quality issues found in file: C:\Users\manny\OneDrive\Desktop\pdf_db\practice.csv, 1 rows with errors. See bad_data_20260605_224003.csv for details.
2026-06-05 22:40:03,173 - WARNING - Data quality issues found in file: C:\Users\manny\OneDrive\Desktop\pdf_db\practice.csv, 2 rows with errors. See bad_data_20260605_224003.csv for details.
2026-06-07 20:38:14,395 - INFO - File type check successful for file: C:\Users\manny\OneDrive\Desktop\pdf_db\practice.csv, file type: .csv
2026-06-07 20:38:14,433 - INFO - CSV data processed successfully for file: C:\Users\manny\OneDrive\Desktop\pdf_db\practice.csv
2026-06-07 20:38:14,439 - WARNING - Data quality issues found in file: C:\Users\manny\OneDrive\Desktop\pdf_db\practice.csv, 1 rows with errors. See bad_data_20260607_203814.csv for details.
2026-06-07 20:38:14,443 - WARNING - Data quality issues found in file: C:\Users\manny\OneDrive\Desktop\pdf_db\practice.csv, 1 rows with errors. See bad_data_20260607_203814.csv for details.
2026-06-07 20:38:14,448 - WARNING - Data quality issues found in file: C:\Users\manny\OneDrive\Desktop\pdf_db\practice.csv, 2 rows with errors. See bad_data_20260607_203814.csv for details.
2026-06-07 20:55:24,126 - INFO - File type check successful for file: C:\Users\manny\OneDrive\Desktop\pdf_db\practice.csv, file type: .csv
2026-06-07 20:55:24,134 - INFO - CSV data processed successfully for file: C:\Users\manny\OneDrive\Desktop\pdf_db\practice.csv
2026-06-07 20:55:24,138 - WARNING - Data quality issues found in file: C:\Users\manny\OneDrive\Desktop\pdf_db\practice.csv, 1 rows with errors. See bad_data_20260607_205524.csv for details.
2026-06-07 20:55:24,142 - WARNING - Data quality issues found in file: C:\Users\manny\OneDrive\Desktop\pdf_db\practice.csv, 1 rows with errors. See bad_data_20260607_205524.csv for details.
2026-06-07 20:55:24,144 - WARNING - Data quality issues found in file: C:\Users\manny\OneDrive\Desktop\pdf_db\practice.csv, 2 rows with errors. See bad_data_20260607_205524.csv for details.
2026-06-07 20:55:38,881 - INFO - File type check successful for file: C:\Users\manny\OneDrive\Desktop\pdf_db\practice.csv, file type: .csv
2026-06-07 20:55:38,888 - INFO - CSV data processed successfully for file: C:\Users\manny\OneDrive\Desktop\pdf_db\practice.csv
2026-06-07 20:55:38,891 - WARNING - Data quality issues found in file: C:\Users\manny\OneDrive\Desktop\pdf_db\practice.csv, 1 rows with errors. See bad_data_20260607_205538.csv for details.
2026-06-07 20:55:38,894 - WARNING - Data quality issues found in file: C:\Users\manny\OneDrive\Desktop\pdf_db\practice.csv, 1 rows with errors. See bad_data_20260607_205538.csv for details.
2026-06-07 20:55:38,898 - WARNING - Data quality issues found in file: C:\Users\manny\OneDrive\Desktop\pdf_db\practice.csv, 2 rows with errors. See bad_data_20260607_205538.csv for details.
